{"message":"Unauthorized request to path:/","level":"error"}
{"message":"Unauthorized request to path:/cards","level":"error"}
{"message":"Unauthorized request to path:/cards","level":"error"}
{"message":"Unauthorized request to path:/card","level":"error"}
{"message":"Unauthorized request to path:/card","level":"error"}
{"message":"Unauthorized request to path:/","level":"error"}
{"message":"Unauthorized request to path:/","level":"error"}
{"message":"Unauthorized request to path:/","level":"error"}
{"message":"Unauthorized request to path:/","level":"error"}
{"message":"Unauthorized request to path:/","level":"error"}
{"message":"Unauthorized request to path:/","level":"error"}
{"message":"Unauthorized request to path:/","level":"error"}
{"message":"Unauthorized request to path:/","level":"error"}
{"message":"Unauthorized request to path:/list","level":"error"}
{"message":"Unauthorized request to path:/list","level":"error"}
{"message":"Unauthorized request to path:/list","level":"error"}
{"message":"Unauthorized request to path: /list","level":"error"}
{"message":"Unauthorized request to path: /list","level":"error"}
{"message":"Unauthorized request to path: /list","level":"error"}
{"message":"Unauthorized request to path: /","level":"error"}
{"message":"Unauthorized request to path: /","level":"error"}
{"message":"Unauthorized request to path: /","level":"error"}
{"message":"Unauthorized request to path: /","level":"error"}
{"message":"Unauthorized request to path: /","level":"error"}
{"message":"Unauthorized request to path: /","level":"error"}
{"message":"Unauthorized request to path: /card","level":"error"}
{"message":"Unauthorized request to path: /card","level":"error"}
{"message":"Unauthorized request to path: /card","level":"error"}
{"message":"Unauthorized request to path: /card","level":"error"}
{"message":"Unauthorized request to path: /card","level":"error"}
{"message":"Unauthorized request to path: /","level":"error"}
{"message":"Unauthorized request to path: /","level":"error"}
{"message":"Unauthorized request to path: /","level":"error"}
{"message":"Unauthorized request to path: /","level":"error"}
{"message":"Unauthorized request to path: /","level":"error"}
{"message":"Unauthorized request to path: /","level":"error"}
{"message":"Unauthorized request to path: /","level":"error"}
{"message":"Unauthorized request to path: /","level":"error"}
{"message":"Unauthorized request to path: /","level":"error"}
{"message":"Unauthorized request to path: /","level":"error"}
{"message":"Unauthorized request to path: /","level":"error"}
{"message":"Unauthorized request to path: /","level":"error"}
{"message":"Unauthorized request to path: /","level":"error"}
{"message":"Unauthorized request to path: /","level":"error"}
{"message":"Unauthorized request to path: /","level":"error"}
{"message":"Unauthorized request to path: /","level":"error"}
{"message":"Unauthorized request to path: /","level":"error"}
{"message":"Unauthorized request to path: /","level":"error"}
{"message":"Unauthorized request to path: /","level":"error"}
{"message":"Unauthorized request to path: /","level":"error"}
{"message":"Card with id f8500afe-7cae-417b-a643-5d2acf58fc32 created","level":"info"}
